<?xml version="1.0" encoding="UTF-8"?>
<!-- Generated by org.testng.reporters.JUnitReportReporter -->
<testsuite skipped="1" hostname="DESKTOP-SNG6FHL" name="excelFile.DataProviderExcelFileRead" tests="1" failures="0" timestamp="2022-07-19T10:57:51 PDT" time="0.000" errors="0">
  <testcase name="f" time="0.000" classname="excelFile.DataProviderExcelFileRead">
    <skipped/>
  </testcase> <!-- f -->
  <system-out/>
</testsuite> <!-- excelFile.DataProviderExcelFileRead -->
