<?xml version="1.0" encoding="UTF-8"?>
<!-- Generated by org.testng.reporters.JUnitReportReporter -->
<testsuite skipped="0" hostname="DESKTOP-M59JAT7" name="windowsANDframe.Task" tests="1" failures="0" timestamp="2022-07-09T23:40:46 IST" time="114.298" errors="0">
  <testcase name="redbus" time="114.298" classname="windowsANDframe.Task"/>
  <system-out/>
</testsuite> <!-- windowsANDframe.Task -->
