<?xml version="1.0" encoding="UTF-8"?>
<!-- Generated by org.testng.reporters.JUnitReportReporter -->
<testsuite skipped="0" hostname="DESKTOP-SNG6FHL" name="dropDown.DropDownEx1" tests="1" failures="0" timestamp="2022-07-20T16:14:23 PDT" time="20.381" errors="0">
  <testcase name="dropDrown" time="20.381" classname="dropDown.DropDownEx1"/>
  <system-out/>
</testsuite> <!-- dropDown.DropDownEx1 -->
