<?xml version="1.0" encoding="UTF-8"?>
<!-- Generated by org.testng.reporters.JUnitReportReporter -->
<testsuite hostname="DESKTOP-M59JAT7" failures="0" tests="1" name="excelFile.ExcelFileWrite" time="1.011" errors="0" timestamp="2022-07-05T22:44:43 IST" skipped="0">
  <testcase classname="excelFile.ExcelFileWrite" name="test1" time="1.011"/>
  <system-out/>
</testsuite> <!-- excelFile.ExcelFileWrite -->
