<?xml version="1.0" encoding="UTF-8"?>
<!-- Generated by org.testng.reporters.JUnitReportReporter -->
<testsuite hostname="DESKTOP-M59JAT7" failures="0" tests="1" name="uploadfile.FileUpload" time="18.554" errors="0" timestamp="2022-07-05T17:44:47 IST" skipped="0">
  <testcase classname="uploadfile.FileUpload" name="test01" time="18.554"/>
  <system-out/>
</testsuite> <!-- uploadfile.FileUpload -->
