<?xml version="1.0" encoding="UTF-8"?>
<!-- Generated by org.testng.reporters.JUnitReportReporter -->
<testsuite hostname="DESKTOP-M59JAT7" failures="0" tests="1"
	name="excelFile.excelReadTest" time="19.249" errors="0"
	timestamp="2022-07-01T20:31:19 IST" skipped="0">
	<testcase classname="excelFile.excelReadTest"
		name="loginExcelData" time="19.249" />
	<system-out />
</testsuite> <!-- excelFile.excelReadTest -->
