<?xml version="1.0" encoding="UTF-8"?>
<!-- Generated by org.testng.reporters.JUnitReportReporter -->
<testsuite skipped="0" hostname="DESKTOP-SNG6FHL" name="excelFile.ExcelFileRead" tests="1" failures="0" timestamp="2022-07-18T19:03:08 PDT" time="0.918" errors="0">
  <testcase name="excelFileRead" time="0.918" classname="excelFile.ExcelFileRead"/>
  <system-out/>
</testsuite> <!-- excelFile.ExcelFileRead -->
