<?xml version="1.0" encoding="UTF-8"?>
<!-- Generated by org.testng.reporters.JUnitReportReporter -->
<testsuite hostname="DESKTOP-M59JAT7" failures="0" tests="1" name="uploadfile.Demo" time="21.182" errors="0" timestamp="2022-07-06T16:54:06 IST" skipped="0">
  <testcase classname="uploadfile.Demo" name="test01" time="21.182"/>
  <system-out/>
</testsuite> <!-- uploadfile.Demo -->
