<?xml version="1.0" encoding="UTF-8"?>
<!-- Generated by org.testng.reporters.JUnitReportReporter -->
<testsuite skipped="0" hostname="DESKTOP-SNG6FHL" name="excelFile.ExcelWrite" tests="1" failures="0" timestamp="2022-07-18T16:23:33 PDT" time="0.425" errors="0">
  <testcase name="writeExcelCode" time="0.425" classname="excelFile.ExcelWrite"/>
  <system-out/>
</testsuite> <!-- excelFile.ExcelWrite -->
