<?xml version="1.0" encoding="UTF-8"?>
<!-- Generated by org.testng.reporters.JUnitReportReporter -->
<testsuite skipped="0" hostname="DESKTOP-SNG6FHL" name="excelFile.DataProviderclass" tests="2" failures="0" timestamp="2022-07-19T16:18:01 PDT" time="21.057" errors="0">
  <testcase name="test" time="12.237" classname="excelFile.DataProviderclass"/>
  <system-out/>
  <testcase name="test" time="8.820" classname="excelFile.DataProviderclass"/>
  <system-out/>
</testsuite> <!-- excelFile.DataProviderclass -->
