<?xml version="1.0" encoding="UTF-8"?>
<!-- Generated by org.testng.reporters.JUnitReportReporter -->
<testsuite skipped="0" hostname="DESKTOP-SNG6FHL" name="Log4J.ex1" tests="1" failures="0" timestamp="2022-07-25T13:32:53 PDT" time="3.542" errors="0">
  <testcase name="test" time="3.542" classname="Log4J.ex1"/>
  <system-out/>
</testsuite> <!-- Log4J.ex1 -->
